[2024-07-25 09:37:36] START
[2024-07-25 09:37:36] CREATE cart/index.html: 0
[2024-07-25 11:02:51] EDIT demo/models/db.py: 0
[2024-07-25 11:03:03] EDIT demo/models/db.py: 0
[2024-07-25 11:04:15] EDIT demo/models/db.py: 0
[2024-07-25 11:06:13] EDIT demo/models/db.py: 0
[2024-07-25 11:06:19] EDIT demo/models/db.py: 0
[2024-07-25 11:06:31] EDIT demo/models/db.py: 0
[2024-07-25 11:29:50] EDIT demo/models/db.py: 0
[2024-07-25 11:29:53] EDIT demo/models/db.py: 0
[2024-07-25 11:33:38] EDIT demo/models/db.py: 0
[2024-07-25 11:33:42] EDIT demo/models/db.py: 0
[2024-07-25 11:33:57] EDIT demo/models/db.py: 0
[2024-07-27 13:56:24] CREATE user_shop/post.html: 0
[2024-07-29 13:45:10] EDIT web2py_shop/models/db.py: 1
[2024-07-29 13:45:11] EDIT web2py_shop/models/db.py: 0
[2024-07-29 13:45:11] EDIT web2py_shop/models/db.py: 0
[2024-07-29 13:45:11] EDIT web2py_shop/models/db.py: 0
[2024-07-29 13:45:11] EDIT web2py_shop/models/db.py: 0
[2024-07-29 13:45:28] EDIT web2py_shop/models/db.py: 1
[2024-07-29 13:46:00] EDIT web2py_shop/models/db.py: 0
[2024-07-29 13:46:02] EDIT web2py_shop/models/db.py: 0
[2024-07-29 13:46:06] EDIT web2py_shop/models/db.py: 0
[2024-07-29 13:46:06] EDIT web2py_shop/models/db.py: 0
[2024-07-29 13:46:07] EDIT web2py_shop/models/db.py: 0
[2024-07-29 13:46:07] EDIT web2py_shop/models/db.py: 0
[2024-07-29 13:46:07] EDIT web2py_shop/models/db.py: 0
[2024-07-29 13:47:52] EDIT web2py_shop/models/db.py: 0
[2024-07-29 14:48:05] EDIT web2py_shop/models/db.py: -2
[2024-07-29 14:48:18] EDIT web2py_shop/models/db.py: -1
[2024-07-29 14:53:01] EDIT web2py_shop/models/db.py: 0
[2024-07-29 14:53:01] EDIT web2py_shop/models/db.py: 0
[2024-07-29 14:53:01] EDIT web2py_shop/models/db.py: 0
[2024-07-29 14:53:01] EDIT web2py_shop/models/db.py: 0
[2024-07-29 14:53:08] EDIT web2py_shop/models/db.py: 0
[2024-07-29 16:56:22] EDIT web2py_shop/models/db.py: 0
